Info Session started: Fri Jul  3 16:26:24 2020

Info ------------- ENVIRONMENT -------------
Info IMPERAS_ARCH                             = Linux64
Info IMPERASD_LICENSE_FILE                    = 2700@localhost
Info IMPERAS_HOME                             = /opt/Imperas.20191106
Info IMPERAS_ISS                              = iss.exe
Info IMPERAS_M32                              = 0
Info IMPERAS_PERSONALITY                      = CPUMAN_MULTI
Info IMPERAS_RUNTIME                          = CpuManager
Info IMPERAS_SHRSUF                           = so
Info IMPERAS_UNAME                            = Linux
Info IMPERAS_VLNV                             = /opt/Imperas.20191106/lib/Linux64/ImperasLib
Info LD_LIBRARY_PATH                          = :/opt/Imperas.20191106/bin/Linux64
Info LM_LICENSE_FILE                          = 27005@localhost
Info --------------------------------------
Info -------- FLAGS (from harness.exe)
Info --vlnvroot  /home/rattlehead/SICHIP/riscv-multi-ql/lib
Info --modulevendor  pucrs.br
Info --modulelibrary  module
Info --modulename  BuggyRiscv
Info --moduleversion  0.1
Info --program  application/dhrystone.RISCV32.elf
Info --output  imperas.log
Info --verbose
Info --parallel
Info --parallelmax
Info --------------------------------------


CpuManagerMulti (64-Bit) v20191106.0 Open Virtual Platform simulator from www.IMPERAS.com.
Copyright (c) 2005-2019 Imperas Software Ltd.  Contains Imperas Proprietary Information.
Licensed Software, All Rights Reserved.
Visit www.IMPERAS.com for multicore debug, verification and analysis solutions.

CpuManagerMulti ParallelMAX started: Fri Jul  3 16:26:24 2020


Info (OR_OF) Target 'BuggyRiscv/cpu0' has object file read from 'application/dhrystone.RISCV32.elf'
Info (OR_PH) Program Headers:
Info (OR_PH) Type           Offset     VirtAddr   PhysAddr   FileSiz    MemSiz     Flags Align
Info (OR_PD) LOAD           0x00000000 0x00010000 0x00010000 0x00017990 0x00017990 R-E   1000
Info (OR_PD) LOAD           0x00017990 0x00028990 0x00028990 0x000009c0 0x00003244 RW-   1000
Info (OR_OF) Target 'BuggyRiscv/cpu1' has object file read from 'application/dhrystone.RISCV32.elf'
Info (OR_PH) Program Headers:
Info (OR_PH) Type           Offset     VirtAddr   PhysAddr   FileSiz    MemSiz     Flags Align
Info (OR_PD) LOAD           0x00000000 0x00010000 0x00010000 0x00017990 0x00017990 R-E   1000
Info (OR_PD) LOAD           0x00017990 0x00028990 0x00028990 0x000009c0 0x00003244 RW-   1000
Info (OR_OF) Target 'BuggyRiscv/cpu2' has object file read from 'application/dhrystone.RISCV32.elf'
Info (OR_PH) Program Headers:
Info (OR_PH) Type           Offset     VirtAddr   PhysAddr   FileSiz    MemSiz     Flags Align
Info (OR_PD) LOAD           0x00000000 0x00010000 0x00010000 0x00017990 0x00017990 R-E   1000
Info (OR_PD) LOAD           0x00017990 0x00028990 0x00028990 0x000009c0 0x00003244 RW-   1000
Info (OR_OF) Target 'BuggyRiscv/cpu3' has object file read from 'application/dhrystone.RISCV32.elf'
Info (OR_PH) Program Headers:
Info (OR_PH) Type           Offset     VirtAddr   PhysAddr   FileSiz    MemSiz     Flags Align
Info (OR_PD) LOAD           0x00000000 0x00010000 0x00010000 0x00017990 0x00017990 R-E   1000
Info (OR_PD) LOAD           0x00017990 0x00028990 0x00028990 0x000009c0 0x00003244 RW-   1000
Info (OR_OF) Target 'BuggyRiscv/cpu4' has object file read from 'application/dhrystone.RISCV32.elf'
Info (OR_PH) Program Headers:
Info (OR_PH) Type           Offset     VirtAddr   PhysAddr   FileSiz    MemSiz     Flags Align
Info (OR_PD) LOAD           0x00000000 0x00010000 0x00010000 0x00017990 0x00017990 R-E   1000
Info (OR_PD) LOAD           0x00017990 0x00028990 0x00028990 0x000009c0 0x00003244 RW-   1000
Info (OR_OF) Target 'BuggyRiscv/cpu5' has object file read from 'application/dhrystone.RISCV32.elf'
Info (OR_PH) Program Headers:
Info (OR_PH) Type           Offset     VirtAddr   PhysAddr   FileSiz    MemSiz     Flags Align
Info (OR_PD) LOAD           0x00000000 0x00010000 0x00010000 0x00017990 0x00017990 R-E   1000
Info (OR_PD) LOAD           0x00017990 0x00028990 0x00028990 0x000009c0 0x00003244 RW-   1000
Info (OR_OF) Target 'BuggyRiscv/cpu6' has object file read from 'application/dhrystone.RISCV32.elf'
Info (OR_PH) Program Headers:
Info (OR_PH) Type           Offset     VirtAddr   PhysAddr   FileSiz    MemSiz     Flags Align
Info (OR_PD) LOAD           0x00000000 0x00010000 0x00010000 0x00017990 0x00017990 R-E   1000
Info (OR_PD) LOAD           0x00017990 0x00028990 0x00028990 0x000009c0 0x00003244 RW-   1000
Info (OR_OF) Target 'BuggyRiscv/cpu7' has object file read from 'application/dhrystone.RISCV32.elf'
Info (OR_PH) Program Headers:
Info (OR_PH) Type           Offset     VirtAddr   PhysAddr   FileSiz    MemSiz     Flags Align
Info (OR_PD) LOAD           0x00000000 0x00010000 0x00010000 0x00017990 0x00017990 R-E   1000
Info (OR_PD) LOAD           0x00017990 0x00028990 0x00028990 0x000009c0 0x00003244 RW-   1000
Info (OR_OF) Target 'BuggyRiscv/cpu8' has object file read from 'application/dhrystone.RISCV32.elf'
Info (OR_PH) Program Headers:
Info (OR_PH) Type           Offset     VirtAddr   PhysAddr   FileSiz    MemSiz     Flags Align
Info (OR_PD) LOAD           0x00000000 0x00010000 0x00010000 0x00017990 0x00017990 R-E   1000
Info (OR_PD) LOAD           0x00017990 0x00028990 0x00028990 0x000009c0 0x00003244 RW-   1000
Info (OR_OF) Target 'BuggyRiscv/cpu9' has object file read from 'application/dhrystone.RISCV32.elf'
Info (OR_PH) Program Headers:
Info (OR_PH) Type           Offset     VirtAddr   PhysAddr   FileSiz    MemSiz     Flags Align
Info (OR_PD) LOAD           0x00000000 0x00010000 0x00010000 0x00017990 0x00017990 R-E   1000
Info (OR_PD) LOAD           0x00017990 0x00028990 0x00028990 0x000009c0 0x00003244 RW-   1000
Info (OR_OF) Target 'BuggyRiscv/cpu10' has object file read from 'application/dhrystone.RISCV32.elf'
Info (OR_PH) Program Headers:
Info (OR_PH) Type           Offset     VirtAddr   PhysAddr   FileSiz    MemSiz     Flags Align
Info (OR_PD) LOAD           0x00000000 0x00010000 0x00010000 0x00017990 0x00017990 R-E   1000
Info (OR_PD) LOAD           0x00017990 0x00028990 0x00028990 0x000009c0 0x00003244 RW-   1000
Info (OR_OF) Target 'BuggyRiscv/cpu11' has object file read from 'application/dhrystone.RISCV32.elf'
Info (OR_PH) Program Headers:
Info (OR_PH) Type           Offset     VirtAddr   PhysAddr   FileSiz    MemSiz     Flags Align
Info (OR_PD) LOAD           0x00000000 0x00010000 0x00010000 0x00017990 0x00017990 R-E   1000
Info (OR_PD) LOAD           0x00017990 0x00028990 0x00028990 0x000009c0 0x00003244 RW-   1000
Info (OR_OF) Target 'BuggyRiscv/cpu12' has object file read from 'application/dhrystone.RISCV32.elf'
Info (OR_PH) Program Headers:
Info (OR_PH) Type           Offset     VirtAddr   PhysAddr   FileSiz    MemSiz     Flags Align
Info (OR_PD) LOAD           0x00000000 0x00010000 0x00010000 0x00017990 0x00017990 R-E   1000
Info (OR_PD) LOAD           0x00017990 0x00028990 0x00028990 0x000009c0 0x00003244 RW-   1000
Info (OR_OF) Target 'BuggyRiscv/cpu13' has object file read from 'application/dhrystone.RISCV32.elf'
Info (OR_PH) Program Headers:
Info (OR_PH) Type           Offset     VirtAddr   PhysAddr   FileSiz    MemSiz     Flags Align
Info (OR_PD) LOAD           0x00000000 0x00010000 0x00010000 0x00017990 0x00017990 R-E   1000
Info (OR_PD) LOAD           0x00017990 0x00028990 0x00028990 0x000009c0 0x00003244 RW-   1000
Info (OR_OF) Target 'BuggyRiscv/cpu14' has object file read from 'application/dhrystone.RISCV32.elf'
Info (OR_PH) Program Headers:
Info (OR_PH) Type           Offset     VirtAddr   PhysAddr   FileSiz    MemSiz     Flags Align
Info (OR_PD) LOAD           0x00000000 0x00010000 0x00010000 0x00017990 0x00017990 R-E   1000
Info (OR_PD) LOAD           0x00017990 0x00028990 0x00028990 0x000009c0 0x00003244 RW-   1000
Info (OR_OF) Target 'BuggyRiscv/cpu15' has object file read from 'application/dhrystone.RISCV32.elf'
Info (OR_PH) Program Headers:
Info (OR_PH) Type           Offset     VirtAddr   PhysAddr   FileSiz    MemSiz     Flags Align
Info (OR_PD) LOAD           0x00000000 0x00010000 0x00010000 0x00017990 0x00017990 R-E   1000
Info (OR_PD) LOAD           0x00017990 0x00028990 0x00028990 0x000009c0 0x00003244 RW-   1000
Info (OR_OF) Target 'BuggyRiscv/cpu16' has object file read from 'application/dhrystone.RISCV32.elf'
Info (OR_PH) Program Headers:
Info (OR_PH) Type           Offset     VirtAddr   PhysAddr   FileSiz    MemSiz     Flags Align
Info (OR_PD) LOAD           0x00000000 0x00010000 0x00010000 0x00017990 0x00017990 R-E   1000
Info (OR_PD) LOAD           0x00017990 0x00028990 0x00028990 0x000009c0 0x00003244 RW-   1000
Info (OR_OF) Target 'BuggyRiscv/cpu17' has object file read from 'application/dhrystone.RISCV32.elf'
Info (OR_PH) Program Headers:
Info (OR_PH) Type           Offset     VirtAddr   PhysAddr   FileSiz    MemSiz     Flags Align
Info (OR_PD) LOAD           0x00000000 0x00010000 0x00010000 0x00017990 0x00017990 R-E   1000
Info (OR_PD) LOAD           0x00017990 0x00028990 0x00028990 0x000009c0 0x00003244 RW-   1000
Info (OR_OF) Target 'BuggyRiscv/cpu18' has object file read from 'application/dhrystone.RISCV32.elf'
Info (OR_PH) Program Headers:
Info (OR_PH) Type           Offset     VirtAddr   PhysAddr   FileSiz    MemSiz     Flags Align
Info (OR_PD) LOAD           0x00000000 0x00010000 0x00010000 0x00017990 0x00017990 R-E   1000
Info (OR_PD) LOAD           0x00017990 0x00028990 0x00028990 0x000009c0 0x00003244 RW-   1000
Info (OR_OF) Target 'BuggyRiscv/cpu19' has object file read from 'application/dhrystone.RISCV32.elf'
Info (OR_PH) Program Headers:
Info (OR_PH) Type           Offset     VirtAddr   PhysAddr   FileSiz    MemSiz     Flags Align
Info (OR_PD) LOAD           0x00000000 0x00010000 0x00010000 0x00017990 0x00017990 R-E   1000
Info (OR_PD) LOAD           0x00017990 0x00028990 0x00028990 0x000009c0 0x00003244 RW-   1000
Info (OR_OF) Target 'BuggyRiscv/cpu20' has object file read from 'application/dhrystone.RISCV32.elf'
Info (OR_PH) Program Headers:
Info (OR_PH) Type           Offset     VirtAddr   PhysAddr   FileSiz    MemSiz     Flags Align
Info (OR_PD) LOAD           0x00000000 0x00010000 0x00010000 0x00017990 0x00017990 R-E   1000
Info (OR_PD) LOAD           0x00017990 0x00028990 0x00028990 0x000009c0 0x00003244 RW-   1000
Info (OR_OF) Target 'BuggyRiscv/cpu21' has object file read from 'application/dhrystone.RISCV32.elf'
Info (OR_PH) Program Headers:
Info (OR_PH) Type           Offset     VirtAddr   PhysAddr   FileSiz    MemSiz     Flags Align
Info (OR_PD) LOAD           0x00000000 0x00010000 0x00010000 0x00017990 0x00017990 R-E   1000
Info (OR_PD) LOAD           0x00017990 0x00028990 0x00028990 0x000009c0 0x00003244 RW-   1000
Info (OR_OF) Target 'BuggyRiscv/cpu22' has object file read from 'application/dhrystone.RISCV32.elf'
Info (OR_PH) Program Headers:
Info (OR_PH) Type           Offset     VirtAddr   PhysAddr   FileSiz    MemSiz     Flags Align
Info (OR_PD) LOAD           0x00000000 0x00010000 0x00010000 0x00017990 0x00017990 R-E   1000
Info (OR_PD) LOAD           0x00017990 0x00028990 0x00028990 0x000009c0 0x00003244 RW-   1000
Info (OR_OF) Target 'BuggyRiscv/cpu23' has object file read from 'application/dhrystone.RISCV32.elf'
Info (OR_PH) Program Headers:
Info (OR_PH) Type           Offset     VirtAddr   PhysAddr   FileSiz    MemSiz     Flags Align
Info (OR_PD) LOAD           0x00000000 0x00010000 0x00010000 0x00017990 0x00017990 R-E   1000
Info (OR_PD) LOAD           0x00017990 0x00028990 0x00028990 0x000009c0 0x00003244 RW-   1000
Info (OR_OF) Target 'BuggyRiscv/cpu24' has object file read from 'application/dhrystone.RISCV32.elf'
Info (OR_PH) Program Headers:
Info (OR_PH) Type           Offset     VirtAddr   PhysAddr   FileSiz    MemSiz     Flags Align
Info (OR_PD) LOAD           0x00000000 0x00010000 0x00010000 0x00017990 0x00017990 R-E   1000
Info (OR_PD) LOAD           0x00017990 0x00028990 0x00028990 0x000009c0 0x00003244 RW-   1000
Info (OR_OF) Target 'BuggyRiscv/cpu25' has object file read from 'application/dhrystone.RISCV32.elf'
Info (OR_PH) Program Headers:
Info (OR_PH) Type           Offset     VirtAddr   PhysAddr   FileSiz    MemSiz     Flags Align
Info (OR_PD) LOAD           0x00000000 0x00010000 0x00010000 0x00017990 0x00017990 R-E   1000
Info (OR_PD) LOAD           0x00017990 0x00028990 0x00028990 0x000009c0 0x00003244 RW-   1000
Info (OR_OF) Target 'BuggyRiscv/cpu26' has object file read from 'application/dhrystone.RISCV32.elf'
Info (OR_PH) Program Headers:
Info (OR_PH) Type           Offset     VirtAddr   PhysAddr   FileSiz    MemSiz     Flags Align
Info (OR_PD) LOAD           0x00000000 0x00010000 0x00010000 0x00017990 0x00017990 R-E   1000
Info (OR_PD) LOAD           0x00017990 0x00028990 0x00028990 0x000009c0 0x00003244 RW-   1000
Info (OR_OF) Target 'BuggyRiscv/cpu27' has object file read from 'application/dhrystone.RISCV32.elf'
Info (OR_PH) Program Headers:
Info (OR_PH) Type           Offset     VirtAddr   PhysAddr   FileSiz    MemSiz     Flags Align
Info (OR_PD) LOAD           0x00000000 0x00010000 0x00010000 0x00017990 0x00017990 R-E   1000
Info (OR_PD) LOAD           0x00017990 0x00028990 0x00028990 0x000009c0 0x00003244 RW-   1000
 
Dhrystone Benchmark, Version 2.1 (Language: C)
 
Program compiled without 'register' attribute
 
Please give the number of runs through the benchmark:  
Execution starts, 5000000 runs through Dhrystone
 
Dhrystone Benchmark, Version 2.1 (Language: C)
 
Program compiled without 'register' attribute
 
Please give the number of runs through the benchmark:  
Execution starts, 5000000 runs through Dhrystone
 
Dhrystone Benchmark, Version 2.1 (Language: C)
 
Program compiled without 'register' attribute
 
Please give the number of runs through the benchmark:  
Execution starts, 5000000 runs through Dhrystone
 
Dhrystone Benchmark, Version 2.1 (Language: C)
 
Program compiled without 'register' attribute
 
Please give the number of runs through the benchmark:  
Execution starts, 5000000 runs through Dhrystone
 
Dhrystone Benchmark, Version 2.1 (Language: C)
 
Program compiled without 'register' attribute
 
Please give the number of runs through the benchmark:  
Execution starts, 5000000 runs through Dhrystone
 
Dhrystone Benchmark, Version 2.1 (Language: C)
 
Program compiled without 'register' attribute
 
Please give the number of runs through the benchmark:  
Execution starts, 5000000 runs through Dhrystone
 
Dhrystone Benchmark, Version 2.1 (Language: C)
 
Program compiled without 'register' attribute
 
Please give the number of runs through the benchmark:  
Execution starts, 5000000 runs through Dhrystone
 
Dhrystone Benchmark, Version 2.1 (Language: C)
 
Program compiled without 'register' attribute
 
Please give the number of runs through the benchmark:  
Execution starts, 5000000 runs through Dhrystone
 
Dhrystone Benchmark, Version 2.1 (Language: C)
 
Program compiled without 'register' attribute
 
Please give the number of runs through the benchmark:  
Execution starts, 5000000 runs through Dhrystone
 
Dhrystone Benchmark, Version 2.1 (Language: C)
 
Program compiled without 'register' attribute
 
Please give the number of runs through the benchmark:  
Execution starts, 5000000 runs through Dhrystone
 
Dhrystone Benchmark, Version 2.1 (Language: C)
 
Program compiled without 'register' attribute
 
Please give the number of runs through the benchmark:  
Execution starts, 5000000 runs through Dhrystone
 
Dhrystone Benchmark, Version 2.1 (Language: C)
 
Program compiled without 'register' attribute
 
Please give the number of runs through the benchmark:  
Execution starts, 5000000 runs through Dhrystone
 
Dhrystone Benchmark, Version 2.1 (Language: C)
 
Program compiled without 'register' attribute
 
Please give the number of runs through the benchmark:  
Execution starts, 5000000 runs through Dhrystone
 
Dhrystone Benchmark, Version 2.1 (Language: C)
 
Program compiled without 'register' attribute
 
Please give the number of runs through the benchmark:  
Execution starts, 5000000 runs through Dhrystone
 
Dhrystone Benchmark, Version 2.1 (Language: C)
 
Program compiled without 'register' attribute
 
Please give the number of runs through the benchmark:  
Execution starts, 5000000 runs through Dhrystone
 
Dhrystone Benchmark, Version 2.1 (Language: C)
 
Program compiled without 'register' attribute
 
Please give the number of runs through the benchmark:  
Execution starts, 5000000 runs through Dhrystone
 
Dhrystone Benchmark, Version 2.1 (Language: C)
 
Program compiled without 'register' attribute
 
Please give the number of runs through the benchmark:  
Execution starts, 5000000 runs through Dhrystone
 
Dhrystone Benchmark, Version 2.1 (Language: C)
 
Program compiled without 'register' attribute
 
Please give the number of runs through the benchmark:  
Execution starts, 5000000 runs through Dhrystone
 
Dhrystone Benchmark, Version 2.1 (Language: C)
 
Program compiled without 'register' attribute
 
Please give the number of runs through the benchmark:  
Execution starts, 5000000 runs through Dhrystone
 
Dhrystone Benchmark, Version 2.1 (Language: C)
 
Program compiled without 'register' attribute
 
Please give the number of runs through the benchmark:  
Execution starts, 5000000 runs through Dhrystone
 
Dhrystone Benchmark, Version 2.1 (Language: C)
 
Program compiled without 'register' attribute
 
Please give the number of runs through the benchmark:  
Execution starts, 5000000 runs through Dhrystone
 
Dhrystone Benchmark, Version 2.1 (Language: C)
 
Program compiled without 'register' attribute
 
Please give the number of runs through the benchmark:  
Execution starts, 5000000 runs through Dhrystone
 
Dhrystone Benchmark, Version 2.1 (Language: C)
 
Program compiled without 'register' attribute
 
Please give the number of runs through the benchmark:  
Execution starts, 5000000 runs through Dhrystone
 
Dhrystone Benchmark, Version 2.1 (Language: C)
 
Program compiled without 'register' attribute
 
Please give the number of runs through the benchmark:  
Execution starts, 5000000 runs through Dhrystone
 
Dhrystone Benchmark, Version 2.1 (Language: C)
 
Program compiled without 'register' attribute
 
Please give the number of runs through the benchmark:  
Execution starts, 5000000 runs through Dhrystone
 
Dhrystone Benchmark, Version 2.1 (Language: C)
 
Program compiled without 'register' attribute
 
Please give the number of runs through the benchmark:  
Execution starts, 5000000 runs through Dhrystone
 
Dhrystone Benchmark, Version 2.1 (Language: C)
 
Program compiled without 'register' attribute
 
Please give the number of runs through the benchmark:  
Execution starts, 5000000 runs through Dhrystone
 
Dhrystone Benchmark, Version 2.1 (Language: C)
 
Program compiled without 'register' attribute
 
Please give the number of runs through the benchmark:  
Execution starts, 5000000 runs through Dhrystone
Info 
Info ---------------------------------------------------
Info CPU 'BuggyRiscv/cpu27' STATISTICS
Info   Type                  : riscv (RV32I)
Info   Nominal MIPS          : 100
Info   Final program counter : 0x2648c
Info   Simulated instructions: 20,700,000
Info   Simulated MIPS        : 24.9
Info ---------------------------------------------------
Info 
Info ---------------------------------------------------
Info CPU 'BuggyRiscv/cpu26' STATISTICS
Info   Type                  : riscv (RV32I)
Info   Nominal MIPS          : 100
Info   Final program counter : 0x2648c
Info   Simulated instructions: 20,700,000
Info   Simulated MIPS        : 24.9
Info ---------------------------------------------------
Info 
Info ---------------------------------------------------
Info CPU 'BuggyRiscv/cpu25' STATISTICS
Info   Type                  : riscv (RV32I)
Info   Nominal MIPS          : 100
Info   Final program counter : 0x2648c
Info   Simulated instructions: 20,700,000
Info   Simulated MIPS        : 24.9
Info ---------------------------------------------------
Info 
Info ---------------------------------------------------
Info CPU 'BuggyRiscv/cpu24' STATISTICS
Info   Type                  : riscv (RV32I)
Info   Nominal MIPS          : 100
Info   Final program counter : 0x2648c
Info   Simulated instructions: 20,700,000
Info   Simulated MIPS        : 24.9
Info ---------------------------------------------------
Info 
Info ---------------------------------------------------
Info CPU 'BuggyRiscv/cpu23' STATISTICS
Info   Type                  : riscv (RV32I)
Info   Nominal MIPS          : 100
Info   Final program counter : 0x2648c
Info   Simulated instructions: 20,700,000
Info   Simulated MIPS        : 24.9
Info ---------------------------------------------------
Info 
Info ---------------------------------------------------
Info CPU 'BuggyRiscv/cpu22' STATISTICS
Info   Type                  : riscv (RV32I)
Info   Nominal MIPS          : 100
Info   Final program counter : 0x2648c
Info   Simulated instructions: 20,700,000
Info   Simulated MIPS        : 24.9
Info ---------------------------------------------------
Info 
Info ---------------------------------------------------
Info CPU 'BuggyRiscv/cpu21' STATISTICS
Info   Type                  : riscv (RV32I)
Info   Nominal MIPS          : 100
Info   Final program counter : 0x2648c
Info   Simulated instructions: 20,700,000
Info   Simulated MIPS        : 24.9
Info ---------------------------------------------------
Info 
Info ---------------------------------------------------
Info CPU 'BuggyRiscv/cpu20' STATISTICS
Info   Type                  : riscv (RV32I)
Info   Nominal MIPS          : 100
Info   Final program counter : 0x26488
Info   Simulated instructions: 20,699,999
Info   Simulated MIPS        : 24.9
Info ---------------------------------------------------
Info 
Info ---------------------------------------------------
Info CPU 'BuggyRiscv/cpu19' STATISTICS
Info   Type                  : riscv (RV32I)
Info   Nominal MIPS          : 100
Info   Final program counter : 0x26488
Info   Simulated instructions: 20,699,999
Info   Simulated MIPS        : 24.9
Info ---------------------------------------------------
Info 
Info ---------------------------------------------------
Info CPU 'BuggyRiscv/cpu18' STATISTICS
Info   Type                  : riscv (RV32I)
Info   Nominal MIPS          : 100
Info   Final program counter : 0x26488
Info   Simulated instructions: 20,699,999
Info   Simulated MIPS        : 24.9
Info ---------------------------------------------------
Info 
Info ---------------------------------------------------
Info CPU 'BuggyRiscv/cpu17' STATISTICS
Info   Type                  : riscv (RV32I)
Info   Nominal MIPS          : 100
Info   Final program counter : 0x26488
Info   Simulated instructions: 20,699,999
Info   Simulated MIPS        : 24.9
Info ---------------------------------------------------
Info 
Info ---------------------------------------------------
Info CPU 'BuggyRiscv/cpu16' STATISTICS
Info   Type                  : riscv (RV32I)
Info   Nominal MIPS          : 100
Info   Final program counter : 0x26488
Info   Simulated instructions: 20,699,999
Info   Simulated MIPS        : 24.9
Info ---------------------------------------------------
Info 
Info ---------------------------------------------------
Info CPU 'BuggyRiscv/cpu15' STATISTICS
Info   Type                  : riscv (RV32I)
Info   Nominal MIPS          : 100
Info   Final program counter : 0x26488
Info   Simulated instructions: 20,699,999
Info   Simulated MIPS        : 24.9
Info ---------------------------------------------------
Info 
Info ---------------------------------------------------
Info CPU 'BuggyRiscv/cpu14' STATISTICS
Info   Type                  : riscv (RV32I)
Info   Nominal MIPS          : 100
Info   Final program counter : 0x26488
Info   Simulated instructions: 20,699,999
Info   Simulated MIPS        : 24.9
Info ---------------------------------------------------
Info 
Info ---------------------------------------------------
Info CPU 'BuggyRiscv/cpu13' STATISTICS
Info   Type                  : riscv (RV32I)
Info   Nominal MIPS          : 100
Info   Final program counter : 0x26488
Info   Simulated instructions: 20,699,999
Info   Simulated MIPS        : 24.9
Info ---------------------------------------------------
Info 
Info ---------------------------------------------------
Info CPU 'BuggyRiscv/cpu12' STATISTICS
Info   Type                  : riscv (RV32I)
Info   Nominal MIPS          : 100
Info   Final program counter : 0x26488
Info   Simulated instructions: 20,699,999
Info   Simulated MIPS        : 24.9
Info ---------------------------------------------------
Info 
Info ---------------------------------------------------
Info CPU 'BuggyRiscv/cpu11' STATISTICS
Info   Type                  : riscv (RV32I)
Info   Nominal MIPS          : 100
Info   Final program counter : 0x26488
Info   Simulated instructions: 20,699,999
Info   Simulated MIPS        : 24.9
Info ---------------------------------------------------
Info 
Info ---------------------------------------------------
Info CPU 'BuggyRiscv/cpu10' STATISTICS
Info   Type                  : riscv (RV32I)
Info   Nominal MIPS          : 100
Info   Final program counter : 0x26488
Info   Simulated instructions: 20,699,999
Info   Simulated MIPS        : 24.9
Info ---------------------------------------------------
Info 
Info ---------------------------------------------------
Info CPU 'BuggyRiscv/cpu9' STATISTICS
Info   Type                  : riscv (RV32I)
Info   Nominal MIPS          : 100
Info   Final program counter : 0x26488
Info   Simulated instructions: 20,699,999
Info   Simulated MIPS        : 24.9
Info ---------------------------------------------------
Info 
Info ---------------------------------------------------
Info CPU 'BuggyRiscv/cpu8' STATISTICS
Info   Type                  : riscv (RV32I)
Info   Nominal MIPS          : 100
Info   Final program counter : 0x26488
Info   Simulated instructions: 20,699,999
Info   Simulated MIPS        : 24.9
Info ---------------------------------------------------
Info 
Info ---------------------------------------------------
Info CPU 'BuggyRiscv/cpu7' STATISTICS
Info   Type                  : riscv (RV32I)
Info   Nominal MIPS          : 100
Info   Final program counter : 0x26488
Info   Simulated instructions: 20,699,999
Info   Simulated MIPS        : 24.9
Info ---------------------------------------------------
Info 
Info ---------------------------------------------------
Info CPU 'BuggyRiscv/cpu6' STATISTICS
Info   Type                  : riscv (RV32I)
Info   Nominal MIPS          : 100
Info   Final program counter : 0x26488
Info   Simulated instructions: 20,699,999
Info   Simulated MIPS        : 24.9
Info ---------------------------------------------------
Info 
Info ---------------------------------------------------
Info CPU 'BuggyRiscv/cpu5' STATISTICS
Info   Type                  : riscv (RV32I)
Info   Nominal MIPS          : 100
Info   Final program counter : 0x26488
Info   Simulated instructions: 20,699,999
Info   Simulated MIPS        : 24.9
Info ---------------------------------------------------
Info 
Info ---------------------------------------------------
Info CPU 'BuggyRiscv/cpu4' STATISTICS
Info   Type                  : riscv (RV32I)
Info   Nominal MIPS          : 100
Info   Final program counter : 0x26488
Info   Simulated instructions: 20,699,999
Info   Simulated MIPS        : 24.9
Info ---------------------------------------------------
Info 
Info ---------------------------------------------------
Info CPU 'BuggyRiscv/cpu3' STATISTICS
Info   Type                  : riscv (RV32I)
Info   Nominal MIPS          : 100
Info   Final program counter : 0x26488
Info   Simulated instructions: 20,699,999
Info   Simulated MIPS        : 24.9
Info ---------------------------------------------------
Info 
Info ---------------------------------------------------
Info CPU 'BuggyRiscv/cpu2' STATISTICS
Info   Type                  : riscv (RV32I)
Info   Nominal MIPS          : 100
Info   Final program counter : 0x26488
Info   Simulated instructions: 20,699,999
Info   Simulated MIPS        : 24.9
Info ---------------------------------------------------
Info 
Info ---------------------------------------------------
Info CPU 'BuggyRiscv/cpu1' STATISTICS
Info   Type                  : riscv (RV32I)
Info   Nominal MIPS          : 100
Info   Final program counter : 0x26488
Info   Simulated instructions: 20,699,999
Info   Simulated MIPS        : 24.9
Info ---------------------------------------------------
Info 
Info ---------------------------------------------------
Info CPU 'BuggyRiscv/cpu0' STATISTICS
Info   Type                  : riscv (RV32I)
Info   Nominal MIPS          : 100
Info   Final program counter : 0x26488
Info   Simulated instructions: 20,699,999
Info   Simulated MIPS        : 24.9
Info ---------------------------------------------------
Info 
Info ---------------------------------------------------
Info TOTAL
Info   Simulated instructions: 579,599,979
Info   Simulated MIPS        : 697.4
Info ---------------------------------------------------
Info 
Info ---------------------------------------------------
Info SIMULATION TIME STATISTICS
Info   Simulated time        : 0.21 seconds
Info   User time             : 1.45 seconds
Info   System time           : 0.59 seconds
Info   Elapsed time          : 0.83 seconds
Info ---------------------------------------------------

CpuManagerMulti ParallelMAX finished: Fri Jul  3 16:26:25 2020


CpuManagerMulti (64-Bit) v20191106.0 Open Virtual Platform simulator from www.IMPERAS.com.
Visit www.IMPERAS.com for multicore debug, verification and analysis solutions.

Info Session ended: Fri Jul  3 16:26:26 2020

